<?xml version="1.0" encoding="UTF-8"?>
<testng-results skipped="0" failed="0" ignored="0" total="0" passed="0">
  <reporter-output>
  </reporter-output>
  <suite name="testRunner.TestRun" duration-ms="13" started-at="2020-02-13T12:11:55 IST" finished-at="2020-02-13T12:11:55 IST">
    <groups>
    </groups>
    <test name="Command line test" duration-ms="13" started-at="2020-02-13T12:11:55 IST" finished-at="2020-02-13T12:11:55 IST">
    </test> <!-- Command line test -->
  </suite> <!-- testRunner.TestRun -->
</testng-results>
